<?xml version="1.0" encoding="UTF-8"?>
<!-- Generated by org.testng.reporters.JUnitXMLReporter -->
<testsuite ignored="0" hostname="RS" failures="0" tests="8" name="Free Crm Test automation Test Suit" time="48.449" errors="0" timestamp="2022-07-22T15:16:43 EDT">
  <testcase classname="com.crm.qa.testcases.ContactsPageTest" name="verifyContactsPageLabel" time="0.089"/>
  <testcase classname="com.crm.qa.testcases.HomePageTest" name="verifyHomePageTitleTest" time="0.007"/>
  <testcase classname="com.crm.qa.testcases.HomePageTest" name="verifyUserNameTest" time="0.066"/>
  <testcase classname="com.crm.qa.testcases.HomePageTest" name="verifyContactsLinkTest" time="0.591"/>
  <testcase classname="com.crm.qa.testcases.LoginPageTest" name="loginPageTitleTest" time="0.018"/>
  <testcase classname="com.crm.qa.testcases.LoginPageTest" name="crmLogoImageTest" time="0.094"/>
  <testcase classname="com.crm.qa.testcases.LoginPageTest" name="loginTest" time="3.839"/>
  <testcase classname="com.crm.qa.testcases.FreeCRMTest" name="freeCrmTitleTest" time="0.051"/>
</testsuite> <!-- Free Crm Test automation Test Suit -->
